-- The C compiler identification is GNU 13.3.0
-- The CXX compiler identification is GNU 13.3.0
-- Detecting C compiler ABI info
-- Detecting C compiler ABI info - done
-- Check for working C compiler: /usr/bin/cc - skipped
-- Detecting C compile features
-- Detecting C compile features - done
-- Detecting CXX compiler ABI info
-- Detecting CXX compiler ABI info - done
-- Check for working CXX compiler: /usr/bin/c++ - skipped
-- Detecting CXX compile features
-- Detecting CXX compile features - done
-- Found ament_cmake: 2.5.3 (/opt/ros/jazzy/share/ament_cmake/cmake)
-- Found Python3: /usr/bin/python3 (found version "3.12.3") found components: Interpreter 
-- Override CMake install command with custom implementation using symlinks instead of copying resources
-- Found rclcpp: 28.1.6 (/opt/ros/jazzy/share/rclcpp/cmake)
-- Found rosidl_generator_c: 4.6.5 (/opt/ros/jazzy/share/rosidl_generator_c/cmake)
-- Found rosidl_generator_cpp: 4.6.5 (/opt/ros/jazzy/share/rosidl_generator_cpp/cmake)
-- Using all available rosidl_typesupport_c: rosidl_typesupport_fastrtps_c;rosidl_typesupport_introspection_c
-- Using all available rosidl_typesupport_cpp: rosidl_typesupport_fastrtps_cpp;rosidl_typesupport_introspection_cpp
-- Found rmw_implementation_cmake: 7.3.1 (/opt/ros/jazzy/share/rmw_implementation_cmake/cmake)
-- Found rmw_fastrtps_cpp: 8.4.1 (/opt/ros/jazzy/share/rmw_fastrtps_cpp/cmake)
-- Found OpenSSL: /usr/lib/x86_64-linux-gnu/libcrypto.so (found version "3.0.13")  
-- Found FastRTPS: /opt/ros/jazzy/include (Required is at least version "2.13") 
-- Using RMW implementation 'rmw_fastrtps_cpp' as default
-- Found std_msgs: 5.3.5 (/opt/ros/jazzy/share/std_msgs/cmake)
-- Found ament_lint_auto: 0.17.1 (/opt/ros/jazzy/share/ament_lint_auto/cmake)
-- Added test 'flake8' to check Python code syntax and style conventions
-- Configured 'flake8' exclude dirs and/or files: 
-- Added test 'lint_cmake' to check CMake code style
-- Added test 'pep257' to check Python code against some of the docstring style conventions in PEP 257
-- Added test 'xmllint' to check XML markup files
-- Configuring done (1.2s)
-- Generating done (0.0s)
-- Build files have been written to: /home/jason/ros2_ws/build/main_sim
-- Install configuration: ""
-- Execute custom install script
-- Symlinking: /home/jason/ros2_ws/install/main_sim/share/main_sim/launch/__pycache__/spawn_robot.launch.cpython-310.pyc
-- Symlinking: /home/jason/ros2_ws/install/main_sim/share/main_sim/launch/joystick.launch.py
-- Symlinking: /home/jason/ros2_ws/install/main_sim/share/main_sim/launch/launch_custom_world.launch.py
-- Symlinking: /home/jason/ros2_ws/install/main_sim/share/main_sim/launch/launch_jsp.launch.py
-- Symlinking: /home/jason/ros2_ws/install/main_sim/share/main_sim/launch/launch_sim.launch.py
-- Symlinking: /home/jason/ros2_ws/install/main_sim/share/main_sim/launch/robot_state_publisher.launch.py
-- Symlinking: /home/jason/ros2_ws/install/main_sim/share/main_sim/launch/spawn_robot.launch.py
-- Symlinking: /home/jason/ros2_ws/install/main_sim/share/ament_index/resource_index/package_run_dependencies/main_sim
-- Symlinking: /home/jason/ros2_ws/install/main_sim/share/ament_index/resource_index/parent_prefix_path/main_sim
-- Symlinking: /home/jason/ros2_ws/install/main_sim/share/main_sim/environment/ament_prefix_path.sh
-- Symlinking: /home/jason/ros2_ws/install/main_sim/share/main_sim/environment/ament_prefix_path.dsv
-- Symlinking: /home/jason/ros2_ws/install/main_sim/share/main_sim/environment/path.sh
-- Symlinking: /home/jason/ros2_ws/install/main_sim/share/main_sim/environment/path.dsv
-- Symlinking: /home/jason/ros2_ws/install/main_sim/share/main_sim/local_setup.bash
-- Symlinking: /home/jason/ros2_ws/install/main_sim/share/main_sim/local_setup.sh
-- Symlinking: /home/jason/ros2_ws/install/main_sim/share/main_sim/local_setup.zsh
-- Symlinking: /home/jason/ros2_ws/install/main_sim/share/main_sim/local_setup.dsv
-- Symlinking: /home/jason/ros2_ws/install/main_sim/share/main_sim/package.dsv
-- Symlinking: /home/jason/ros2_ws/install/main_sim/share/ament_index/resource_index/packages/main_sim
-- Symlinking: /home/jason/ros2_ws/install/main_sim/share/main_sim/cmake/main_simConfig.cmake
-- Symlinking: /home/jason/ros2_ws/install/main_sim/share/main_sim/cmake/main_simConfig-version.cmake
-- Symlinking: /home/jason/ros2_ws/install/main_sim/share/main_sim/package.xml
