[0.013s] Invoking command in '/home/jason/ros2_ws/build/main_sim': CMAKE_PREFIX_PATH=${CMAKE_PREFIX_PATH}:/opt/ros/jazzy DEBUGINFOD_URLS=https://debuginfod.ubuntu.com /usr/bin/cmake /home/jason/ros2_ws/src/main_sim -DAMENT_CMAKE_SYMLINK_INSTALL=1 -DCMAKE_INSTALL_PREFIX=/home/jason/ros2_ws/install/main_sim
[0.039s] -- Found ament_cmake: 2.5.3 (/opt/ros/jazzy/share/ament_cmake/cmake)
[0.273s] -- Override CMake install command with custom implementation using symlinks instead of copying resources
[0.279s] -- Found rclcpp: 28.1.6 (/opt/ros/jazzy/share/rclcpp/cmake)
[0.310s] -- Found rosidl_generator_c: 4.6.5 (/opt/ros/jazzy/share/rosidl_generator_c/cmake)
[0.322s] -- Found rosidl_generator_cpp: 4.6.5 (/opt/ros/jazzy/share/rosidl_generator_cpp/cmake)
[0.336s] -- Using all available rosidl_typesupport_c: rosidl_typesupport_fastrtps_c;rosidl_typesupport_introspection_c
[0.351s] -- Using all available rosidl_typesupport_cpp: rosidl_typesupport_fastrtps_cpp;rosidl_typesupport_introspection_cpp
[0.421s] -- Found rmw_implementation_cmake: 7.3.1 (/opt/ros/jazzy/share/rmw_implementation_cmake/cmake)
[0.423s] -- Found rmw_fastrtps_cpp: 8.4.1 (/opt/ros/jazzy/share/rmw_fastrtps_cpp/cmake)
[0.498s] -- Using RMW implementation 'rmw_fastrtps_cpp' as default
[0.575s] -- Found std_msgs: 5.3.5 (/opt/ros/jazzy/share/std_msgs/cmake)
[0.589s] -- Found ament_lint_auto: 0.17.1 (/opt/ros/jazzy/share/ament_lint_auto/cmake)
[0.721s] -- Added test 'flake8' to check Python code syntax and style conventions
[0.721s] -- Configured 'flake8' exclude dirs and/or files: 
[0.721s] -- Added test 'lint_cmake' to check CMake code style
[0.721s] -- Added test 'pep257' to check Python code against some of the docstring style conventions in PEP 257
[0.724s] -- Added test 'xmllint' to check XML markup files
[0.724s] -- Configuring done (0.7s)
[0.731s] -- Generating done (0.0s)
[0.733s] -- Build files have been written to: /home/jason/ros2_ws/build/main_sim
[0.743s] Invoked command in '/home/jason/ros2_ws/build/main_sim' returned '0': CMAKE_PREFIX_PATH=${CMAKE_PREFIX_PATH}:/opt/ros/jazzy DEBUGINFOD_URLS=https://debuginfod.ubuntu.com /usr/bin/cmake /home/jason/ros2_ws/src/main_sim -DAMENT_CMAKE_SYMLINK_INSTALL=1 -DCMAKE_INSTALL_PREFIX=/home/jason/ros2_ws/install/main_sim
[0.743s] Invoking command in '/home/jason/ros2_ws/build/main_sim': CMAKE_PREFIX_PATH=${CMAKE_PREFIX_PATH}:/opt/ros/jazzy DEBUGINFOD_URLS=https://debuginfod.ubuntu.com /usr/bin/cmake --build /home/jason/ros2_ws/build/main_sim -- -j7 -l7
[0.792s] Invoked command in '/home/jason/ros2_ws/build/main_sim' returned '0': CMAKE_PREFIX_PATH=${CMAKE_PREFIX_PATH}:/opt/ros/jazzy DEBUGINFOD_URLS=https://debuginfod.ubuntu.com /usr/bin/cmake --build /home/jason/ros2_ws/build/main_sim -- -j7 -l7
[0.803s] Invoking command in '/home/jason/ros2_ws/build/main_sim': CMAKE_PREFIX_PATH=${CMAKE_PREFIX_PATH}:/opt/ros/jazzy DEBUGINFOD_URLS=https://debuginfod.ubuntu.com /usr/bin/cmake --install /home/jason/ros2_ws/build/main_sim
[0.813s] -- Install configuration: ""
[0.814s] -- Execute custom install script
[0.814s] -- Up-to-date symlink: /home/jason/ros2_ws/install/main_sim/share/main_sim/launch/__pycache__/spawn_robot.launch.cpython-310.pyc
[0.814s] -- Up-to-date symlink: /home/jason/ros2_ws/install/main_sim/share/main_sim/launch/joystick.launch.py
[0.815s] -- Up-to-date symlink: /home/jason/ros2_ws/install/main_sim/share/main_sim/launch/launch_custom_world.launch.py
[0.815s] -- Up-to-date symlink: /home/jason/ros2_ws/install/main_sim/share/main_sim/launch/launch_jsp.launch.py
[0.815s] -- Up-to-date symlink: /home/jason/ros2_ws/install/main_sim/share/main_sim/launch/launch_sim.launch.py
[0.815s] -- Up-to-date symlink: /home/jason/ros2_ws/install/main_sim/share/main_sim/launch/robot_state_publisher.launch.py
[0.817s] -- Up-to-date symlink: /home/jason/ros2_ws/install/main_sim/share/main_sim/launch/spawn_robot.launch.py
[0.817s] -- Up-to-date symlink: /home/jason/ros2_ws/install/main_sim/share/ament_index/resource_index/package_run_dependencies/main_sim
[0.817s] -- Up-to-date symlink: /home/jason/ros2_ws/install/main_sim/share/ament_index/resource_index/parent_prefix_path/main_sim
[0.818s] -- Up-to-date symlink: /home/jason/ros2_ws/install/main_sim/share/main_sim/environment/ament_prefix_path.sh
[0.820s] -- Up-to-date symlink: /home/jason/ros2_ws/install/main_sim/share/main_sim/environment/ament_prefix_path.dsv
[0.820s] -- Up-to-date symlink: /home/jason/ros2_ws/install/main_sim/share/main_sim/environment/path.sh
[0.820s] -- Up-to-date symlink: /home/jason/ros2_ws/install/main_sim/share/main_sim/environment/path.dsv
[0.820s] -- Up-to-date symlink: /home/jason/ros2_ws/install/main_sim/share/main_sim/local_setup.bash
[0.821s] -- Up-to-date symlink: /home/jason/ros2_ws/install/main_sim/share/main_sim/local_setup.sh
[0.821s] -- Up-to-date symlink: /home/jason/ros2_ws/install/main_sim/share/main_sim/local_setup.zsh
[0.821s] -- Up-to-date symlink: /home/jason/ros2_ws/install/main_sim/share/main_sim/local_setup.dsv
[0.821s] -- Symlinking: /home/jason/ros2_ws/install/main_sim/share/main_sim/package.dsv
[0.832s] -- Up-to-date symlink: /home/jason/ros2_ws/install/main_sim/share/ament_index/resource_index/packages/main_sim
[0.833s] -- Up-to-date symlink: /home/jason/ros2_ws/install/main_sim/share/main_sim/cmake/main_simConfig.cmake
[0.833s] -- Up-to-date symlink: /home/jason/ros2_ws/install/main_sim/share/main_sim/cmake/main_simConfig-version.cmake
[0.833s] -- Up-to-date symlink: /home/jason/ros2_ws/install/main_sim/share/main_sim/package.xml
[0.836s] Invoked command in '/home/jason/ros2_ws/build/main_sim' returned '0': CMAKE_PREFIX_PATH=${CMAKE_PREFIX_PATH}:/opt/ros/jazzy DEBUGINFOD_URLS=https://debuginfod.ubuntu.com /usr/bin/cmake --install /home/jason/ros2_ws/build/main_sim
